<?xml version="1.0" encoding="UTF-8"?>
<!-- Generated by org.testng.reporters.JUnitReportReporter -->
<testsuite hostname="DESKTOP-JQD6R1O" failures="0" tests="1" name="testCases.TC001_AccountResgistrationTest" time="3.283" errors="0" timestamp="2025-01-12T22:29:23 IST" skipped="0">
  <testcase classname="testCases.TC001_AccountResgistrationTest" name="Varify_account_reg_page" time="3.283"/>
</testsuite> <!-- testCases.TC001_AccountResgistrationTest -->
